Número de línea:  código objeto:  código fuente (en una sola línea)

  0:  Vacio              : CONSTANTE EQU $1789
  1:  Vacio              : VAR EQU $0000
  2:  Vacio              : VAR1 EQU $0002
  3:  Vacio              : VAR2 EQU $0003
  4:  Vacio              : ORG $8000
  5:  Vacio              : 
  6:  Vacio              : INICIO LDX #CONSTANTE
  7:  Vacio              : 
  8:  Vacio              : SALTO NOP
  9:  8000   01           :       NOP
 10:  Vacio              : 
 11:  Vacio              : SALTO1 NOP
 12:  8001   01           :        NOP
 13:  Vacio              : 
 14:  Vacio              : SALTO2 NOP
 15:  8002   01           :        NOP
 16:  8003   09           :        DEX
 17:  8004   26FA         :        BNE SALTO
 18:  8006   22F9         :        BHI SALTO1
 19:  8008   130780F6     :        BRCLR $07,#$80 SALTO2
 20:  800C   1F05AA16     :        BRCLR $05,X,#$AA SALTE
 21:  8010   127C3312     :        BRSET $7C,#$33 SALTE
 22:  8014   181E89400D   :        BRSET $89,Y,#$40 SALTE
 23:  8019   155577       :        BCLR $55,#$77
 24:  801C   144980       :        BSET $49,#$80
 25:  801F   1D7088       :        BCLR $70,X,#$88
 26:  8022   181C917C     :        BSET $91,Y,#$7C
 27:  Vacio              : 
 28:  Vacio              : SALTE JMP INICIO
 29:  Vacio              :       END
